Arguments: 
  C:\Program Files\nodejs\node.exe C:\Users\ws067\AppData\Roaming\npm\node_modules\yarn\bin\yarn.js

PATH: 
  C:\Users\ws067\bin;C:\Program Files\Git\mingw64\bin;C:\Program Files\Git\usr\local\bin;C:\Program Files\Git\usr\bin;C:\Program Files\Git\usr\bin;C:\Program Files\Git\mingw64\bin;C:\Program Files\Git\usr\bin;C:\Users\ws067\bin;C:\WINDOWS\system32;C:\WINDOWS;C:\WINDOWS\System32\Wbem;C:\WINDOWS\System32\WindowsPowerShell\v1.0;C:\WINDOWS\System32\OpenSSH;C:\Program Files\Git\cmd;C:\Program Files\nodejs;C:\Program Files\MongoDB\Server\5.0\bin;C:\Users\ws067\AppData\Local\Microsoft\WindowsApps;C:\Users\ws067\AppData\Local\Programs\Microsoft VS Code\bin;C:\Users\ws067\AppData\Roaming\npm;C:\Program Files\heroku\bin;C:\Program Files (x86)\Brackets;C:\Program Files\Git\usr\bin\vendor_perl;C:\Program Files\Git\usr\bin\core_perl

Yarn version: 
  1.22.17

Node version: 
  16.13.2

Platform: 
  win32 x64

Trace: 
  Error: EPERM: operation not permitted, copyfile 'C:\Users\ws067\AppData\Local\Yarn\Cache\v6\npm-html-entities-2.3.3-117d7626bece327fc8baace8868fa6f5ef856e46-integrity\node_modules\html-entities\lib\index.js' -> 'C:\Users\ws067\OneDrive\바탕 화면\my-awesome-project\front\node_modules\html-entities\lib\index.js'

npm manifest: 
  {
    "name": "portfolio-share-project",
    "version": "0.1.0",
    "private": true,
    "dependencies": {
      "@testing-library/jest-dom": "^5.14.1",
      "@testing-library/react": "^12.0.0",
      "@testing-library/user-event": "^13.2.1",
      "axios": "^0.26.1",
      "bootstrap": "^5.1.3",
      "dotenv": "^16.0.0",
      "lodash": "^4.17.21",
      "react": "^17.0.2",
      "react-bootstrap": "^2.2.0",
      "react-datepicker": "^4.7.0",
      "react-dom": "^17.0.2",
      "react-icons": "^4.3.1",
      "react-router-dom": "^6.2.2",
      "react-scripts": "5.0.0",
      "react-youtube": "^9.0.1",
      "styled-components": "^5.3.5"
    },
    "scripts": {
      "start": "react-scripts start",
      "build": "react-scripts build",
      "test": "react-scripts test",
      "eject": "react-scripts eject"
    },
    "eslintConfig": {
      "extends": [
        "react-app",
        "react-app/jest"
      ]
    },
    "browserslist": {
      "production": [
        ">0.2%",
        "not dead",
        "not op_mini all"
      ],
      "development": [
        "last 1 chrome version",
        "last 1 firefox version",
        "last 1 safari version"
      ]
    }
  }

yarn manifest: 
  No manifest

Lockfile: 
  
